<?xml version="1.0" encoding="UTF-8"?>
<!-- Generated by org.testng.reporters.JUnitReportReporter -->
<testsuite hostname="DESKTOP-EODLVLU" failures="0" tests="5" name="akhilesh.flipkart" time="20.443" errors="0" timestamp="2021-08-19T14:54:39 IST" skipped="0">
  <testcase classname="akhilesh.flipkart" name="acceptPriceRange" time="4.547"/>
  <system-out/>
  <testcase classname="akhilesh.flipkart" name="searchProduct" time="2.777"/>
  <system-out/>
  <testcase classname="akhilesh.flipkart" name="applyFilter" time="5.195"/>
  <system-out/>
  <testcase classname="akhilesh.flipkart" name="processSearchResult" time="3.941"/>
  <system-out/>
  <testcase classname="akhilesh.flipkart" name="applyFilter" time="3.983"/>
  <system-out/>
</testsuite> <!-- akhilesh.flipkart -->
