<?xml version="1.0" encoding="UTF-8"?>
<!-- Generated by org.testng.reporters.JUnitReportReporter -->
<testsuite hostname="DESKTOP-EODLVLU" failures="0" tests="5" name="akhilesh.flipkart" time="100.508" errors="0" timestamp="2021-08-20T21:40:34 IST" skipped="0">
  <testcase classname="akhilesh.flipkart" name="searchProduct" time="3.855"/>
  <system-out/>
  <testcase classname="akhilesh.flipkart" name="applyFilter" time="29.900"/>
  <system-out/>
  <testcase classname="akhilesh.flipkart" name="processSearchResult" time="54.015"/>
  <system-out/>
  <testcase classname="akhilesh.flipkart" name="applyFilter" time="4.810"/>
  <system-out/>
  <testcase classname="akhilesh.flipkart" name="acceptPriceRange" time="7.928"/>
  <system-out/>
</testsuite> <!-- akhilesh.flipkart -->
